<?xml version="1.0" encoding="UTF-8"?>
<!-- Generated by org.testng.reporters.JUnitReportReporter -->
<testsuite skipped="0" hostname="DESKTOP-L0JOL9N" name="com.qa.tests.MMPLoginTest" tests="1" failures="0" timestamp="21 Apr 2018 14:18:50 GMT" time="5.794" errors="0">
  <testcase name="test" time="5.794" classname="com.qa.tests.MMPLoginTest"/>
</testsuite> <!-- com.qa.tests.MMPLoginTest -->
