<?xml version="1.0" encoding="UTF-8"?>
<!-- Generated by org.testng.reporters.JUnitReportReporter -->
<testsuite skipped="0" hostname="DESKTOP-L0JOL9N" name="com.qa.tests.MMPHomePage" tests="1" failures="0" timestamp="21 Apr 2018 17:02:42 GMT" time="11.058" errors="0">
  <testcase name="mmpTest" time="11.058" classname="com.qa.tests.MMPHomePage"/>
</testsuite> <!-- com.qa.tests.MMPHomePage -->
