<?xml version="1.0" encoding="UTF-8"?>
<!-- Generated by org.testng.reporters.JUnitReportReporter -->
<testsuite skipped="0" hostname="DESKTOP-L0JOL9N" name="com.qa.tests.GoogleHomePage" tests="1" failures="0" timestamp="21 Apr 2018 17:02:42 GMT" time="8.691" errors="0">
  <testcase name="test" time="8.691" classname="com.qa.tests.GoogleHomePage"/>
</testsuite> <!-- com.qa.tests.GoogleHomePage -->
